2022-05-14 16:21:06,762 - INFO - basehttp - "GET / HTTP/1.1" 302 0
2022-05-14 16:21:07,068 - INFO - basehttp - "GET /accounts/login/?next=/ HTTP/1.1" 200 1655
2022-05-14 16:21:07,614 - WARNING - basehttp - "GET /favicon.ico HTTP/1.1" 404 4057
2022-05-14 16:21:16,404 - INFO - basehttp - "GET /news HTTP/1.1" 301 0
2022-05-14 16:21:16,720 - INFO - basehttp - "GET /news/ HTTP/1.1" 200 3699
2022-05-14 16:21:17,838 - INFO - basehttp - "GET /static/css/styles.css HTTP/1.1" 200 206521
2022-05-14 16:22:52,266 - INFO - basehttp - "GET /news/ HTTP/1.1" 200 3699
2022-05-14 16:23:08,421 - INFO - basehttp - "GET /news/ HTTP/1.1" 200 3699
2022-05-14 16:23:08,872 - INFO - basehttp - "GET /news/ HTTP/1.1" 200 3699
2022-05-14 16:23:09,375 - INFO - basehttp - "GET /news/ HTTP/1.1" 200 3699
2022-05-14 16:23:10,677 - INFO - basehttp - "GET /news/ HTTP/1.1" 200 3699
2022-05-14 16:23:10,895 - INFO - basehttp - "GET /news/ HTTP/1.1" 200 3699
2022-05-14 16:23:11,068 - INFO - basehttp - "GET /news/ HTTP/1.1" 200 3699
2022-05-14 16:23:23,081 - INFO - basehttp - "GET /news/15/ HTTP/1.1" 200 3218
2022-05-14 16:23:27,057 - INFO - basehttp - "GET /create/15 HTTP/1.1" 200 3423
2022-05-14 16:23:29,494 - INFO - basehttp - "GET /delete/15 HTTP/1.1" 200 3036
2022-05-14 16:23:33,776 - INFO - basehttp - "GET /create/ HTTP/1.1" 200 3390
2022-05-14 16:24:40,550 - INFO - basehttp - "GET /news/ HTTP/1.1" 200 3699
2022-05-14 16:24:41,240 - INFO - basehttp - "GET /news/ HTTP/1.1" 200 3699
2022-05-14 16:25:19,885 - INFO - basehttp - "GET /create/15 HTTP/1.1" 200 3423
2022-05-14 16:25:23,032 - INFO - basehttp - "GET /news/15/ HTTP/1.1" 200 3218
2022-05-14 16:27:56,435 - INFO - basehttp - "GET /create/15 HTTP/1.1" 200 3423
2022-05-14 16:28:02,524 - INFO - basehttp - "POST /create/15 HTTP/1.1" 302 0
2022-05-14 16:28:02,529 - INFO - basehttp - "GET /news/15 HTTP/1.1" 301 0
2022-05-14 16:28:02,552 - INFO - basehttp - "GET /news/15/ HTTP/1.1" 200 3219
2022-05-14 16:28:09,138 - INFO - basehttp - "GET /news/ HTTP/1.1" 200 3700
2022-05-14 16:58:41,021 - INFO - basehttp - "GET /create/ HTTP/1.1" 200 3390
2022-05-14 16:58:43,630 - INFO - basehttp - "GET /news/15/ HTTP/1.1" 200 3219
2022-05-14 16:58:46,114 - INFO - basehttp - "GET /create/15 HTTP/1.1" 200 3424
2022-05-14 16:58:56,094 - INFO - basehttp - "GET / HTTP/1.1" 302 0
2022-05-14 16:58:56,187 - INFO - basehttp - "GET /accounts/login/?next=/ HTTP/1.1" 200 1655
2022-05-14 16:59:04,276 - INFO - basehttp - "GET /news/ HTTP/1.1" 200 3700
2022-05-14 17:00:50,596 - INFO - basehttp - "GET /news/ HTTP/1.1" 200 3697
